\BOOKMARK [0][-]{section*.1}{Examining Committee}{}% 1
\BOOKMARK [0][-]{section*.2}{Author's Declaration}{}% 2
\BOOKMARK [0][-]{section*.3}{Abstract}{}% 3
\BOOKMARK [0][-]{section*.4}{Acknowledgements}{}% 4
\BOOKMARK [0][-]{section*.5}{Dedication}{}% 5
\BOOKMARK [0][-]{section*.8}{List of Figures}{}% 6
\BOOKMARK [0][-]{section*.10}{List of Tables}{}% 7
\BOOKMARK [0][-]{section*.13}{List of Abbreviations}{}% 8
\BOOKMARK [0][-]{section*.16}{List of Symbols}{}% 9
\BOOKMARK [0][-]{chapter.1}{Introduction}{}% 10
\BOOKMARK [1][-]{section.1.1}{Problem Statement}{chapter.1}% 11
\BOOKMARK [1][-]{section.1.2}{Contributions}{chapter.1}% 12
\BOOKMARK [1][-]{section.1.3}{Thesis Organization}{chapter.1}% 13
\BOOKMARK [0][-]{chapter.2}{Related Work}{}% 14
\BOOKMARK [1][-]{section.2.1}{Efficient Oblivious Database Join}{chapter.2}% 15
\BOOKMARK [1][-]{section.2.2}{Extension to Band Joins \(Inequality Constraints\)}{chapter.2}% 16
\BOOKMARK [1][-]{section.2.3}{Multi-Way Joins \(Classical Non-Oblivious\)}{chapter.2}% 17
\BOOKMARK [1][-]{section.2.4}{Worst-Case Optimal Join Algorithms}{chapter.2}% 18
\BOOKMARK [1][-]{section.2.5}{Critical Gap in the Literature}{chapter.2}% 19
\BOOKMARK [1][-]{section.2.6}{Our Approach: Bridging the Gap}{chapter.2}% 20
\BOOKMARK [0][-]{chapter.3}{Background}{}% 21
\BOOKMARK [1][-]{section.3.1}{Database Joins and Query Processing}{chapter.3}% 22
\BOOKMARK [2][-]{subsection.3.1.1}{Database Join Operations}{section.3.1}% 23
\BOOKMARK [2][-]{subsection.3.1.2}{Join Trees and Query Structure}{section.3.1}% 24
\BOOKMARK [2][-]{subsection.3.1.3}{Acyclic vs Cyclic Queries}{section.3.1}% 25
\BOOKMARK [2][-]{subsection.3.1.4}{Handling Cyclic Queries with GHD}{section.3.1}% 26
\BOOKMARK [1][-]{section.3.2}{Band Joins and Range Queries}{chapter.3}% 27
\BOOKMARK [2][-]{subsection.3.2.1}{From Equality to Inequality Joins}{section.3.2}% 28
\BOOKMARK [2][-]{subsection.3.2.2}{Why Band Joins are Challenging}{section.3.2}% 29
\BOOKMARK [1][-]{section.3.3}{The Yannakakis Algorithm}{chapter.3}% 30
\BOOKMARK [2][-]{subsection.3.3.1}{Optimal Processing for Acyclic Queries}{section.3.3}% 31
\BOOKMARK [2][-]{subsection.3.3.2}{The Two-Phase Approach}{section.3.3}% 32
\BOOKMARK [1][-]{section.3.4}{Oblivious Computation}{chapter.3}% 33
\BOOKMARK [2][-]{subsection.3.4.1}{The Need for Oblivious Algorithms}{section.3.4}% 34
\BOOKMARK [2][-]{subsection.3.4.2}{The Oblivious Security Model}{section.3.4}% 35
\BOOKMARK [2][-]{subsection.3.4.3}{Building Blocks for Oblivious Algorithms}{section.3.4}% 36
\BOOKMARK [1][-]{section.3.5}{Intel SGX and Secure Hardware}{chapter.3}% 37
\BOOKMARK [2][-]{subsection.3.5.1}{Trusted Execution Environments}{section.3.5}% 38
\BOOKMARK [2][-]{subsection.3.5.2}{Implementing Oblivious Joins in SGX}{section.3.5}% 39
\BOOKMARK [1][-]{section.3.6}{Summary}{chapter.3}% 40
\BOOKMARK [0][-]{chapter.4}{Algorithm Overview}{}% 41
\BOOKMARK [1][-]{section.4.1}{From odbj to Oblivious Yannakakis}{chapter.4}% 42
\BOOKMARK [2][-]{subsection.4.1.1}{Starting with odbj's Architecture}{section.4.1}% 43
\BOOKMARK [2][-]{subsection.4.1.2}{The Multi-Way Multiplicity Challenge}{section.4.1}% 44
\BOOKMARK [2][-]{subsection.4.1.3}{Connection to Yannakakis}{section.4.1}% 45
\BOOKMARK [1][-]{section.4.2}{Band Join Enhancement: Dual Entry Approach}{chapter.4}% 46
\BOOKMARK [2][-]{subsection.4.2.1}{The Challenge of Range-Based Multiplicity Computation}{section.4.2}% 47
\BOOKMARK [2][-]{subsection.4.2.2}{The Dual Entry Solution}{section.4.2}% 48
\BOOKMARK [0][-]{chapter.5}{Detailed Algorithm}{}% 49
\BOOKMARK [1][-]{section.5.1}{Algorithm Overview and Notation}{chapter.5}% 50
\BOOKMARK [2][-]{subsection.5.1.1}{Algorithm Input and Output}{section.5.1}% 51
\BOOKMARK [2][-]{subsection.5.1.2}{Table Type Definitions}{section.5.1}% 52
\BOOKMARK [2][-]{subsection.5.1.3}{Data Structures and Notation}{section.5.1}% 53
\BOOKMARK [2][-]{subsection.5.1.4}{Formal Definitions of Multiplicities}{section.5.1}% 54
\BOOKMARK [2][-]{subsection.5.1.5}{Common Utilities Across Multiple Phases}{section.5.1}% 55
\BOOKMARK [2][-]{subsection.5.1.6}{Algorithm Structure}{section.5.1}% 56
\BOOKMARK [1][-]{section.5.2}{Initialization}{chapter.5}% 57
\BOOKMARK [1][-]{section.5.3}{Phase 1: Bottom-Up Multiplicity Computation}{chapter.5}% 58
\BOOKMARK [1][-]{section.5.4}{Phase 2: Top-Down Final Multiplicity Propagation}{chapter.5}% 59
\BOOKMARK [1][-]{section.5.5}{Phase 3: Distribution and Expansion}{chapter.5}% 60
\BOOKMARK [1][-]{section.5.6}{Phase 4: Alignment and Concatenation}{chapter.5}% 61
\BOOKMARK [0][-]{chapter.6}{Security Analysis}{}% 62
\BOOKMARK [1][-]{section.6.1}{Security Model and Definitions}{chapter.6}% 63
\BOOKMARK [2][-]{subsection.6.1.1}{Oblivious Operations}{section.6.1}% 64
\BOOKMARK [2][-]{subsection.6.1.2}{Composition Theorem}{section.6.1}% 65
\BOOKMARK [2][-]{subsection.6.1.3}{Security Goal}{section.6.1}% 66
\BOOKMARK [1][-]{section.6.2}{Level 1: Base Component Security}{chapter.6}% 67
\BOOKMARK [2][-]{subsection.6.2.1}{Window Functions}{section.6.2}% 68
\BOOKMARK [2][-]{subsection.6.2.2}{Comparators}{section.6.2}% 69
\BOOKMARK [2][-]{subsection.6.2.3}{Update Functions}{section.6.2}% 70
\BOOKMARK [1][-]{section.6.3}{Level 2: Composed Operation Security}{chapter.6}% 71
\BOOKMARK [2][-]{subsection.6.3.1}{Oblivious Primitives}{section.6.3}% 72
\BOOKMARK [2][-]{subsection.6.3.2}{Composed Operations}{section.6.3}% 73
\BOOKMARK [1][-]{section.6.4}{Level 3: Phase Security}{chapter.6}% 74
\BOOKMARK [2][-]{subsection.6.4.1}{Initialization Phase}{section.6.4}% 75
\BOOKMARK [2][-]{subsection.6.4.2}{Bottom-Up Phase}{section.6.4}% 76
\BOOKMARK [2][-]{subsection.6.4.3}{Top-Down Phase}{section.6.4}% 77
\BOOKMARK [2][-]{subsection.6.4.4}{Distribution and Expansion Phase}{section.6.4}% 78
\BOOKMARK [2][-]{subsection.6.4.5}{Alignment and Concatenation Phase}{section.6.4}% 79
\BOOKMARK [1][-]{section.6.5}{Level 4: Complete Algorithm Security}{chapter.6}% 80
\BOOKMARK [1][-]{section.6.6}{Memory Access Pattern Analysis}{chapter.6}% 81
\BOOKMARK [1][-]{section.6.7}{Summary}{chapter.6}% 82
\BOOKMARK [0][-]{chapter.7}{Evaluation}{}% 83
\BOOKMARK [1][-]{section.7.1}{Implementation}{chapter.7}% 84
\BOOKMARK [2][-]{subsection.7.1.1}{Data Preprocessing}{section.7.1}% 85
\BOOKMARK [1][-]{section.7.2}{Experimental Setup}{chapter.7}% 86
\BOOKMARK [2][-]{subsection.7.2.1}{Dataset and Queries}{section.7.2}% 87
\BOOKMARK [2][-]{subsection.7.2.2}{Hardware Configuration}{section.7.2}% 88
\BOOKMARK [2][-]{subsection.7.2.3}{Metrics}{section.7.2}% 89
\BOOKMARK [1][-]{section.7.3}{Results: Multi-way Equality Joins}{chapter.7}% 90
\BOOKMARK [1][-]{section.7.4}{Results: Band Joins}{chapter.7}% 91
\BOOKMARK [1][-]{section.7.5}{Discussion}{chapter.7}% 92
\BOOKMARK [2][-]{subsection.7.5.1}{Key Findings}{section.7.5}% 93
\BOOKMARK [2][-]{subsection.7.5.2}{Future Improvements}{section.7.5}% 94
\BOOKMARK [1][-]{section.7.6}{Summary}{chapter.7}% 95
\BOOKMARK [0][-]{chapter.8}{Conclusion}{}% 96
\BOOKMARK [1][-]{section.8.1}{Summary of Contributions}{chapter.8}% 97
\BOOKMARK [1][-]{section.8.2}{Experimental Validation}{chapter.8}% 98
\BOOKMARK [1][-]{section.8.3}{Practical Implications}{chapter.8}% 99
\BOOKMARK [1][-]{section.8.4}{Future Directions}{chapter.8}% 100
\BOOKMARK [1][-]{section.8.5}{Closing Remarks}{chapter.8}% 101
\BOOKMARK [0][-]{section*.21}{References}{}% 102
\BOOKMARK [0][-]{section*.23}{Glossary}{}% 103
